[Licensing::Module] Trying to connect to existing licensing client channel...
Built from '6000.2/respin/6000.2.8f1-e4064264ae96' branch; Version is '6000.2.8f1 (c9992ac36c34) revision 13211946'; Using compiler version '194234433'; Build Type 'Release'
OS: 'Windows 11  (10.0.26200) 64bit Education' Language: 'fr' Physical Memory: 32394 MB
BatchMode: 1, IsHumanControllingUs: 0, StartBugReporterOnCrash: 0, Is64bit: 1
Date: 2026-03-12T16:16:19Z
[Licensing::IpcConnector] Successfully connected to: "LicenseClient-parfa" at "2026-03-12T16:16:19.369233Z"

COMMAND LINE ARGUMENTS:
C:\Program Files\Unity\Hub\Editor\6000.2.8f1\Editor\Unity.exe
-adb2
-batchMode
-noUpm
-name
AssetImportWorker4
-projectPath
C:/Users/parfa/Documents/Hiver 2026/Jeu Videos/IreneeParfaitAkakpo__JeuDeRecherche/JeuDFeRecherche
-logFile
Logs/AssetImportWorker4.log
-srvPort
52622
-licensingIpc
LicenseClient-parfa
-job-worker-count
5
-background-job-worker-count
8
-gc-helper-count
1
-name
AssetImport
Successfully changed project path to: C:/Users/parfa/Documents/Hiver 2026/Jeu Videos/IreneeParfaitAkakpo__JeuDeRecherche/JeuDFeRecherche
C:/Users/parfa/Documents/Hiver 2026/Jeu Videos/IreneeParfaitAkakpo__JeuDeRecherche/JeuDFeRecherche
[UnityMemory] Configuration Parameters - Can be set up in boot.config
    "memorysetup-allocator-temp-initial-block-size-main=262144"
    "memorysetup-allocator-temp-initial-block-size-worker=262144"
    "memorysetup-bucket-allocator-granularity=16"
    "memorysetup-bucket-allocator-bucket-count=8"
    "memorysetup-bucket-allocator-block-size=33554432"
    "memorysetup-bucket-allocator-block-count=8"
    "memorysetup-main-allocator-block-size=16777216"
    "memorysetup-thread-allocator-block-size=16777216"
    "memorysetup-gfx-main-allocator-block-size=16777216"
    "memorysetup-gfx-thread-allocator-block-size=16777216"
    "memorysetup-cache-allocator-block-size=4194304"
    "memorysetup-typetree-allocator-block-size=2097152"
    "memorysetup-profiler-bucket-allocator-granularity=16"
    "memorysetup-profiler-bucket-allocator-bucket-count=8"
    "memorysetup-profiler-bucket-allocator-block-size=33554432"
    "memorysetup-profiler-bucket-allocator-block-count=8"
    "memorysetup-profiler-allocator-block-size=16777216"
    "memorysetup-profiler-editor-allocator-block-size=1048576"
    "memorysetup-temp-allocator-size-main=16777216"
    "memorysetup-job-temp-allocator-block-size=2097152"
    "memorysetup-job-temp-allocator-block-size-background=1048576"
    "memorysetup-job-temp-allocator-reduction-small-platforms=262144"
    "memorysetup-temp-allocator-size-background-worker=32768"
    "memorysetup-temp-allocator-size-job-worker=262144"
    "memorysetup-temp-allocator-size-preload-manager=33554432"
    "memorysetup-temp-allocator-size-nav-mesh-worker=65536"
    "memorysetup-temp-allocator-size-audio-worker=65536"
    "memorysetup-temp-allocator-size-cloud-worker=32768"
    "memorysetup-temp-allocator-size-gi-baking-worker=262144"
    "memorysetup-temp-allocator-size-gi-baking-worker=262144"
    "memorysetup-temp-allocator-size-gi-baking-worker=262144"
    "memorysetup-temp-allocator-size-gi-baking-worker=262144"
    "memorysetup-temp-allocator-size-gi-baking-worker=262144"
    "memorysetup-temp-allocator-size-gfx=262144"
Player connection [31308]  Target information:

Player connection [31308]  * "[IP] 10.0.192.165 [Port] 0 [Flags] 2 [Guid] 3030313734 [EditorId] 3030313734 [Version] 1048832 [Id] WindowsEditor(7,ThePerfect) [Debug] 1 [PackageName] WindowsEditor [ProjectName] Editor" 

Player connection [31308] Host joined multi-casting on [225.0.0.222:54997]...
Player connection [31308] Host joined alternative multi-casting on [225.0.0.222:34997]...
JobSystem: Creating JobQueue using job-worker-count value 5
Input System module state changed to: Initialized.
[Physics::Module] Initialized fallback backend.
[Physics::Module] Id: 0xdecafbad
[Licensing::Client] Code 10 while verifying Licensing Client signature (process Id: 16956, path: "C:/Program Files/Unity Hub/UnityLicensingClient_V1/Unity.Licensing.Client.exe")
[Licensing::Module] LicensingClient has failed validation; ignoring
[Licensing::Client] Handshaking with LicensingClient:
  Version:                 1.17.4+4293ba1
  Session Id:              ff2daf38dc41442d879ef8f86e421ba6
  Correlation Id:          dac60e24bc58e48b370f46f561b3d180
  External correlation Id: 2483845039108051165
  Machine Id:              1wa11qy/yJqIw5Q/ZDaTuaXL3xs=
[Licensing::Module] Successfully connected to LicensingClient on channel: "LicenseClient-parfa" (connect: 0.00s, validation: 0.00s, handshake: 0.06s)
[Licensing::IpcConnector] Successfully connected to: "LicenseClient-parfa-notifications" at "2026-03-12T16:16:19.4340517Z"
[Licensing::Module] Licensing Background thread has ended after 0.07s
Library Redirect Path: Library/
[Physics::Module] Selected backend.
[Physics::Module] Name: PhysX
[Physics::Module] Id: 0xf2b8ea05
[Physics::Module] SDK Version: 4.1.2
[Physics::Module] Integration Version: 1.0.0
[Physics::Module] Threading Mode: Multi-Threaded
Refreshing native plugins compatible for Editor in 12.53 ms, found 3 plugins.
Preloading 0 native plugins for Editor in 0.00 ms.
Initialize engine version: 6000.2.8f1 (c9992ac36c34)
[Subsystems] Discovering subsystems at path C:/Program Files/Unity/Hub/Editor/6000.2.8f1/Editor/Data/Resources/UnitySubsystems
[Subsystems] Discovering subsystems at path C:/Users/parfa/Documents/Hiver 2026/Jeu Videos/IreneeParfaitAkakpo__JeuDeRecherche/JeuDFeRecherche/Assets
GfxDevice: creating device client; kGfxThreadingModeNonThreaded
Direct3D:
    Version:  Direct3D 11.0 [level 11.1]
    Renderer: NVIDIA GeForce RTX 3050 6GB Laptop GPU (ID=0x25ac)
    Vendor:   NVIDIA
    VRAM:     6002 MB
    Driver:   32.0.15.8183
Initialize mono
Mono path[0] = 'C:/Program Files/Unity/Hub/Editor/6000.2.8f1/Editor/Data/Managed'
Mono path[1] = 'C:/Program Files/Unity/Hub/Editor/6000.2.8f1/Editor/Data/MonoBleedingEdge/lib/mono/unityjit-win32'
Mono config path = 'C:/Program Files/Unity/Hub/Editor/6000.2.8f1/Editor/Data/MonoBleedingEdge/etc'
Using monoOptions --debugger-agent=transport=dt_socket,embedding=1,server=y,suspend=n,address=127.0.0.1:56380
Begin MonoManager ReloadAssembly
Registering precompiled unity dll's ...
Register platform support module: C:/Program Files/Unity/Hub/Editor/6000.2.8f1/Editor/Data/PlaybackEngines/WindowsStandaloneSupport/UnityEditor.WindowsStandalone.Extensions.dll
Registered in 0.001974 seconds.
- Loaded All Assemblies, in  0.575 seconds
Native extension for WindowsStandalone target not found
Mono: successfully reloaded assembly
- Finished resetting the current domain, in  0.516 seconds
Domain Reload Profiling: 1089ms
	BeginReloadAssembly (180ms)
		ExecutionOrderSort (0ms)
		DisableScriptedObjects (0ms)
		BackupInstance (0ms)
		ReleaseScriptingObjects (0ms)
		CreateAndSetChildDomain (1ms)
	RebuildCommonClasses (50ms)
	RebuildNativeTypeToScriptingClass (16ms)
	initialDomainReloadingComplete (67ms)
	LoadAllAssembliesAndSetupDomain (260ms)
		LoadAssemblies (175ms)
		RebuildTransferFunctionScriptingTraits (0ms)
		AnalyzeDomain (256ms)
			TypeCache.Refresh (253ms)
				TypeCache.ScanAssembly (235ms)
			BuildScriptInfoCaches (0ms)
			ResolveRequiredComponents (1ms)
	FinalizeReload (517ms)
		ReleaseScriptCaches (0ms)
		RebuildScriptCaches (0ms)
		SetupLoadedEditorAssemblies (456ms)
			LogAssemblyErrors (0ms)
			InitializePlatformSupportModulesInManaged (77ms)
			SetLoadedEditorAssemblies (5ms)
			BeforeProcessingInitializeOnLoad (109ms)
			ProcessInitializeOnLoadAttributes (193ms)
			ProcessInitializeOnLoadMethodAttributes (71ms)
			AfterProcessingInitializeOnLoad (0ms)
			EditorAssembliesLoaded (0ms)
		ExecutionOrderSort2 (0ms)
		AwakeInstancesAfterBackupRestoration (0ms)
========================================================================
Worker process is ready to serve import requests
Import Worker Mode flag is 0x00
Begin MonoManager ReloadAssembly
[Licensing::Client] Successfully resolved entitlement details
[Licensing::Module] License group:
  Id: 3574351673010-UnityPersXXXX
  Product: Unity Personal
  Type: Assigned
  Expiration: Unlimited
Symbol file LoadedFromMemory is not a mono symbol file
- Loaded All Assemblies, in  0.957 seconds
Refreshing native plugins compatible for Editor in 7.36 ms, found 3 plugins.
Native extension for WindowsStandalone target not found
Refreshing native plugins compatible for Editor in 7.65 ms, found 3 plugins.
Package Manager log level set to [2]
[Package Manager] Failed to launch server process. Reason: Unity was launched with the -noUpm command-line argument
[Package Manager] Unable to send message (not connected to server process).
[Package Manager] Cannot connect to Unity Package Manager local server
Mono: successfully reloaded assembly
- Finished resetting the current domain, in  0.955 seconds
Domain Reload Profiling: 1908ms
	BeginReloadAssembly (220ms)
		ExecutionOrderSort (0ms)
		DisableScriptedObjects (6ms)
		BackupInstance (0ms)
		ReleaseScriptingObjects (0ms)
		CreateAndSetChildDomain (33ms)
	RebuildCommonClasses (46ms)
	RebuildNativeTypeToScriptingClass (13ms)
	initialDomainReloadingComplete (43ms)
	LoadAllAssembliesAndSetupDomain (631ms)
		LoadAssemblies (456ms)
		RebuildTransferFunctionScriptingTraits (0ms)
		AnalyzeDomain (299ms)
			TypeCache.Refresh (223ms)
				TypeCache.ScanAssembly (204ms)
			BuildScriptInfoCaches (66ms)
			ResolveRequiredComponents (7ms)
	FinalizeReload (956ms)
		ReleaseScriptCaches (0ms)
		RebuildScriptCaches (0ms)
		SetupLoadedEditorAssemblies (811ms)
			LogAssemblyErrors (0ms)
			InitializePlatformSupportModulesInManaged (2ms)
			SetLoadedEditorAssemblies (4ms)
			BeforeProcessingInitializeOnLoad (144ms)
			ProcessInitializeOnLoadAttributes (412ms)
			ProcessInitializeOnLoadMethodAttributes (242ms)
			AfterProcessingInitializeOnLoad (6ms)
			EditorAssembliesLoaded (0ms)
		ExecutionOrderSort2 (0ms)
		AwakeInstancesAfterBackupRestoration (8ms)
Launched and connected shader compiler UnityShaderCompiler.exe after 0.02 seconds
Refreshing native plugins compatible for Editor in 19.43 ms, found 3 plugins.
Preloading 0 native plugins for Editor in 0.00 ms.
Unloading 0 Unused Serialized files (Serialized files now loaded: 0)
Unloading 5053 unused Assets / (1.3 MB). Loaded Objects now: 5532.
Memory consumption went from 92.5 MB to 91.2 MB.
Total: 19.585100 ms (FindLiveObjects: 0.725600 ms CreateObjectMapping: 0.607300 ms MarkObjects: 15.791700 ms  DeleteObjects: 2.455600 ms)

========================================================================
Received Import Request.
  Time since last request: 27019.139141 seconds.
  path: Assets/PlaygroundApocalypse/Meshes/SM_TrashCan.fbx
  artifactKey: Guid(abc00000000009012512062925638440) Importer(815301076,1909f56bfc062723c751e8b465ee728b)
Start importing Assets/PlaygroundApocalypse/Meshes/SM_TrashCan.fbx using Guid(abc00000000009012512062925638440) Importer(815301076,1909f56bfc062723c751e8b465ee728b) (PreviewImporter) -> (artifact id: '9324fc0e565031da7e6250a58af037c1') in 0.3440099 seconds
Number of updated asset objects reloaded before import = 0Number of asset objects unloaded after import = 7

========================================================================
Received Import Request.
  Time since last request: 1.858614 seconds.
  path: Assets/PlaygroundApocalypse/Prefabs
  artifactKey: Guid(f40709ca363986b4cbc60c678973f335) Importer(815301076,1909f56bfc062723c751e8b465ee728b)
Start importing Assets/PlaygroundApocalypse/Prefabs using Guid(f40709ca363986b4cbc60c678973f335) Importer(815301076,1909f56bfc062723c751e8b465ee728b) (PreviewImporter) -> (artifact id: '81542c1f7a343ab0a130e4344fafc430') in 0.0005968 seconds
Number of updated asset objects reloaded before import = 0Number of asset objects unloaded after import = 0

========================================================================
Received Import Request.
  Time since last request: 0.205248 seconds.
  path: Assets/PlaygroundApocalypse/Prefabs/fence_SM_Fence.prefab
  artifactKey: Guid(abc00000000009745709397896270706) Importer(815301076,1909f56bfc062723c751e8b465ee728b)
Start importing Assets/PlaygroundApocalypse/Prefabs/fence_SM_Fence.prefab using Guid(abc00000000009745709397896270706) Importer(815301076,1909f56bfc062723c751e8b465ee728b) (PreviewImporter) -> (artifact id: '8dc18cbca071ed325a2aad54053710b1') in 0.0319483 seconds
Number of updated asset objects reloaded before import = 0Number of asset objects unloaded after import = 15

========================================================================
Received Import Request.
  Time since last request: 0.000058 seconds.
  path: Assets/PlaygroundApocalypse/Prefabs/SM_Benchstreet.prefab
  artifactKey: Guid(abc00000000004375667526567970732) Importer(815301076,1909f56bfc062723c751e8b465ee728b)
Start importing Assets/PlaygroundApocalypse/Prefabs/SM_Benchstreet.prefab using Guid(abc00000000004375667526567970732) Importer(815301076,1909f56bfc062723c751e8b465ee728b) (PreviewImporter) -> (artifact id: '46400eca5b08b0e5094c962049277ae5') in 0.1138748 seconds
Number of updated asset objects reloaded before import = 0Number of asset objects unloaded after import = 15

========================================================================
Received Import Request.
  Time since last request: 0.000046 seconds.
  path: Assets/PlaygroundApocalypse/Prefabs/SM_FireWood_a.prefab
  artifactKey: Guid(abc00000000012435286030490641398) Importer(815301076,1909f56bfc062723c751e8b465ee728b)
Start importing Assets/PlaygroundApocalypse/Prefabs/SM_FireWood_a.prefab using Guid(abc00000000012435286030490641398) Importer(815301076,1909f56bfc062723c751e8b465ee728b) (PreviewImporter) -> (artifact id: '6807ce72c2f8d3a3b92b4d41e359cc91') in 0.0321197 seconds
Number of updated asset objects reloaded before import = 0Number of asset objects unloaded after import = 14

========================================================================
Received Import Request.
  Time since last request: 0.000028 seconds.
  path: Assets/PlaygroundApocalypse/Prefabs/SM_TinCans.prefab
  artifactKey: Guid(abc00000000000212152265886709011) Importer(815301076,1909f56bfc062723c751e8b465ee728b)
Start importing Assets/PlaygroundApocalypse/Prefabs/SM_TinCans.prefab using Guid(abc00000000000212152265886709011) Importer(815301076,1909f56bfc062723c751e8b465ee728b) (PreviewImporter) -> (artifact id: '2fa10710ad7dd12645f2c955dd56f0c3') in 0.0866732 seconds
Number of updated asset objects reloaded before import = 0Number of asset objects unloaded after import = 15

========================================================================
Received Import Request.
  Time since last request: 0.000046 seconds.
  path: Assets/PlaygroundApocalypse/Prefabs/SM_BottlePlastic_SM_PlasticBottle_a.prefab
  artifactKey: Guid(abc00000000009204682743374307675) Importer(815301076,1909f56bfc062723c751e8b465ee728b)
Start importing Assets/PlaygroundApocalypse/Prefabs/SM_BottlePlastic_SM_PlasticBottle_a.prefab using Guid(abc00000000009204682743374307675) Importer(815301076,1909f56bfc062723c751e8b465ee728b) (PreviewImporter) -> (artifact id: '42f338116b1fd6341a4f12bffcbcdc66') in 0.0378074 seconds
Number of updated asset objects reloaded before import = 0Number of asset objects unloaded after import = 14

========================================================================
Received Import Request.
  Time since last request: 0.000031 seconds.
  path: Assets/PlaygroundApocalypse/Prefabs/SM_WheelBarrow.prefab
  artifactKey: Guid(abc00000000010268232921339345679) Importer(815301076,1909f56bfc062723c751e8b465ee728b)
Start importing Assets/PlaygroundApocalypse/Prefabs/SM_WheelBarrow.prefab using Guid(abc00000000010268232921339345679) Importer(815301076,1909f56bfc062723c751e8b465ee728b) (PreviewImporter) -> (artifact id: '34065514176414f060561b10214c5fc5') in 0.0190642 seconds
Number of updated asset objects reloaded before import = 0Number of asset objects unloaded after import = 9

========================================================================
Received Import Request.
  Time since last request: 0.000025 seconds.
  path: Assets/PlaygroundApocalypse/Prefabs/SM_FireWood_c.prefab
  artifactKey: Guid(abc00000000017266066645807889076) Importer(815301076,1909f56bfc062723c751e8b465ee728b)
Start importing Assets/PlaygroundApocalypse/Prefabs/SM_FireWood_c.prefab using Guid(abc00000000017266066645807889076) Importer(815301076,1909f56bfc062723c751e8b465ee728b) (PreviewImporter) -> (artifact id: '44009e04f4f1f3080d2573643f0bfc1e') in 0.0443955 seconds
Number of updated asset objects reloaded before import = 0Number of asset objects unloaded after import = 14

========================================================================
Received Import Request.
  Time since last request: 0.000035 seconds.
  path: Assets/PlaygroundApocalypse/Prefabs/SM_Basketball_Ball_SM_Basketball_Ball.prefab
  artifactKey: Guid(abc00000000015758475763370780693) Importer(815301076,1909f56bfc062723c751e8b465ee728b)
Start importing Assets/PlaygroundApocalypse/Prefabs/SM_Basketball_Ball_SM_Basketball_Ball.prefab using Guid(abc00000000015758475763370780693) Importer(815301076,1909f56bfc062723c751e8b465ee728b) (PreviewImporter) -> (artifact id: '85112c35f5cf0fe8fad531ad1b4a58bc') in 0.0364875 seconds
Number of updated asset objects reloaded before import = 0Number of asset objects unloaded after import = 14

========================================================================
Received Import Request.
  Time since last request: 0.000204 seconds.
  path: Assets/PlaygroundApocalypse/Prefabs/SM_Wood_SM_Wood_a.prefab
  artifactKey: Guid(abc00000000000242521447953271111) Importer(815301076,1909f56bfc062723c751e8b465ee728b)
Start importing Assets/PlaygroundApocalypse/Prefabs/SM_Wood_SM_Wood_a.prefab using Guid(abc00000000000242521447953271111) Importer(815301076,1909f56bfc062723c751e8b465ee728b) (PreviewImporter) -> (artifact id: '462543d17dc7196642824d32901c5756') in 0.0287103 seconds
Number of updated asset objects reloaded before import = 0Number of asset objects unloaded after import = 14

========================================================================
Received Import Request.
  Time since last request: 0.000026 seconds.
  path: Assets/PlaygroundApocalypse/Prefabs/SM_Pots_b.prefab
  artifactKey: Guid(abc00000000011604816969392200354) Importer(815301076,1909f56bfc062723c751e8b465ee728b)
Start importing Assets/PlaygroundApocalypse/Prefabs/SM_Pots_b.prefab using Guid(abc00000000011604816969392200354) Importer(815301076,1909f56bfc062723c751e8b465ee728b) (PreviewImporter) -> (artifact id: '1ceeb5ccbb21cfec3859dab3f92cd914') in 0.0412338 seconds
Number of updated asset objects reloaded before import = 0Number of asset objects unloaded after import = 15

========================================================================
Received Import Request.
  Time since last request: 0.000038 seconds.
  path: Assets/PlaygroundApocalypse/Prefabs/SM_BottlePlastic_SM_PlasticBottle_b.prefab
  artifactKey: Guid(abc00000000001857566061040339152) Importer(815301076,1909f56bfc062723c751e8b465ee728b)
Start importing Assets/PlaygroundApocalypse/Prefabs/SM_BottlePlastic_SM_PlasticBottle_b.prefab using Guid(abc00000000001857566061040339152) Importer(815301076,1909f56bfc062723c751e8b465ee728b) (PreviewImporter) -> (artifact id: '1e65a2375a41482aa067f524a74d9f81') in 0.0366233 seconds
Number of updated asset objects reloaded before import = 0Number of asset objects unloaded after import = 14

========================================================================
Received Import Request.
  Time since last request: 0.000064 seconds.
  path: Assets/PlaygroundApocalypse/Prefabs/SM_Sendbag_Sandbag_02.prefab
  artifactKey: Guid(abc00000000007261282584481157803) Importer(815301076,1909f56bfc062723c751e8b465ee728b)
Start importing Assets/PlaygroundApocalypse/Prefabs/SM_Sendbag_Sandbag_02.prefab using Guid(abc00000000007261282584481157803) Importer(815301076,1909f56bfc062723c751e8b465ee728b) (PreviewImporter) -> (artifact id: '7e0ed17ec87ef3c38a102188905ab883') in 0.0587039 seconds
Number of updated asset objects reloaded before import = 0Number of asset objects unloaded after import = 14

========================================================================
Received Import Request.
  Time since last request: 1.501487 seconds.
  path: Assets/PlaygroundApocalypse/Textures
  artifactKey: Guid(321985042cb03514dba8a07c6d5924d9) Importer(815301076,1909f56bfc062723c751e8b465ee728b)
Start importing Assets/PlaygroundApocalypse/Textures using Guid(321985042cb03514dba8a07c6d5924d9) Importer(815301076,1909f56bfc062723c751e8b465ee728b) (PreviewImporter) -> (artifact id: '66dc88d343d3d2fe8fbcd3456f72fd32') in 0.0007574 seconds
Number of updated asset objects reloaded before import = 0Number of asset objects unloaded after import = 0

========================================================================
Received Import Request.
  Time since last request: 4.027532 seconds.
  path: Assets/PlaygroundApocalypse/Textures/Wood
  artifactKey: Guid(21c05859ebaadd6419f5bb40da89146a) Importer(815301076,1909f56bfc062723c751e8b465ee728b)
Start importing Assets/PlaygroundApocalypse/Textures/Wood using Guid(21c05859ebaadd6419f5bb40da89146a) Importer(815301076,1909f56bfc062723c751e8b465ee728b) (PreviewImporter) -> (artifact id: 'dc22a276b298e75d92d2c442ac11e492') in 0.0012861 seconds
Number of updated asset objects reloaded before import = 0Number of asset objects unloaded after import = 0

========================================================================
Received Import Request.
  Time since last request: 0.106194 seconds.
  path: Assets/PlaygroundApocalypse/Textures/Wood/T_Wood_a_AO.png
  artifactKey: Guid(abc00000000014802362638424878340) Importer(815301076,1909f56bfc062723c751e8b465ee728b)
Start importing Assets/PlaygroundApocalypse/Textures/Wood/T_Wood_a_AO.png using Guid(abc00000000014802362638424878340) Importer(815301076,1909f56bfc062723c751e8b465ee728b) (PreviewImporter) -> (artifact id: 'e736d64391c3de905e6e2d2c70cb9297') in 0.0330141 seconds
Number of updated asset objects reloaded before import = 0Number of asset objects unloaded after import = 2

========================================================================
Received Import Request.
  Time since last request: 8.473388 seconds.
  path: Assets/Prefabs
  artifactKey: Guid(96c752b616a336f4db38d5eb4f543be8) Importer(815301076,1909f56bfc062723c751e8b465ee728b)
Start importing Assets/Prefabs using Guid(96c752b616a336f4db38d5eb4f543be8) Importer(815301076,1909f56bfc062723c751e8b465ee728b) (PreviewImporter) -> (artifact id: '5eedd57a4c585516be7968995dfe16b9') in 0.0006487 seconds
Number of updated asset objects reloaded before import = 0Number of asset objects unloaded after import = 0

========================================================================
Received Import Request.
  Time since last request: 0.245868 seconds.
  path: Assets/Prefabs/crosshair.prefab
  artifactKey: Guid(a0ae50e5f843af145b8e8c1dfea8a36f) Importer(815301076,1909f56bfc062723c751e8b465ee728b)
Start importing Assets/Prefabs/crosshair.prefab using Guid(a0ae50e5f843af145b8e8c1dfea8a36f) Importer(815301076,1909f56bfc062723c751e8b465ee728b) (PreviewImporter) -> (artifact id: 'ec482110b35e37649e395b83725614b5') in 0.0040033 seconds
Number of updated asset objects reloaded before import = 0Number of asset objects unloaded after import = 5

========================================================================
Received Import Request.
  Time since last request: 35.869749 seconds.
  path: Assets/Resources
  artifactKey: Guid(dc77629f02afd1a4c845a7d75830cf92) Importer(815301076,1909f56bfc062723c751e8b465ee728b)
Start importing Assets/Resources using Guid(dc77629f02afd1a4c845a7d75830cf92) Importer(815301076,1909f56bfc062723c751e8b465ee728b) (PreviewImporter) -> (artifact id: '241df652f197c0f74f5e106e08e591b3') in 0.000772 seconds
Number of updated asset objects reloaded before import = 0Number of asset objects unloaded after import = 0

========================================================================
Received Import Request.
  Time since last request: 1.581669 seconds.
  path: Assets/Resources/BillingMode.json
  artifactKey: Guid(6bd322d8d56543a47b39593b6480d8bf) Importer(815301076,1909f56bfc062723c751e8b465ee728b)
Start importing Assets/Resources/BillingMode.json using Guid(6bd322d8d56543a47b39593b6480d8bf) Importer(815301076,1909f56bfc062723c751e8b465ee728b) (PreviewImporter) -> (artifact id: '0c0b981cfce42627481218bb577e4829') in 0.001214 seconds
Number of updated asset objects reloaded before import = 0Number of asset objects unloaded after import = 1

========================================================================
Received Prepare
Begin MonoManager ReloadAssembly
[Licensing::Client] Successfully resolved entitlement details
Symbol file LoadedFromMemory is not a mono symbol file
- Loaded All Assemblies, in  1.064 seconds
Refreshing native plugins compatible for Editor in 12.39 ms, found 3 plugins.
Native extension for WindowsStandalone target not found
[Package Manager] Failed to launch server process. Reason: Unity was launched with the -noUpm command-line argument
[Package Manager] Unable to send message (not connected to server process).
[Package Manager] Cannot connect to Unity Package Manager local server
Mono: successfully reloaded assembly
- Finished resetting the current domain, in  1.524 seconds
Domain Reload Profiling: 2589ms
	BeginReloadAssembly (274ms)
		ExecutionOrderSort (0ms)
		DisableScriptedObjects (11ms)
		BackupInstance (0ms)
		ReleaseScriptingObjects (0ms)
		CreateAndSetChildDomain (66ms)
	RebuildCommonClasses (47ms)
	RebuildNativeTypeToScriptingClass (18ms)
	initialDomainReloadingComplete (40ms)
	LoadAllAssembliesAndSetupDomain (685ms)
		LoadAssemblies (515ms)
		RebuildTransferFunctionScriptingTraits (0ms)
		AnalyzeDomain (300ms)
			TypeCache.Refresh (12ms)
				TypeCache.ScanAssembly (0ms)
			BuildScriptInfoCaches (271ms)
			ResolveRequiredComponents (10ms)
	FinalizeReload (1525ms)
		ReleaseScriptCaches (0ms)
		RebuildScriptCaches (0ms)
		SetupLoadedEditorAssemblies (1280ms)
			LogAssemblyErrors (0ms)
			InitializePlatformSupportModulesInManaged (3ms)
			SetLoadedEditorAssemblies (7ms)
			BeforeProcessingInitializeOnLoad (208ms)
			ProcessInitializeOnLoadAttributes (692ms)
			ProcessInitializeOnLoadMethodAttributes (357ms)
			AfterProcessingInitializeOnLoad (11ms)
			EditorAssembliesLoaded (1ms)
		ExecutionOrderSort2 (0ms)
		AwakeInstancesAfterBackupRestoration (21ms)
Refreshing native plugins compatible for Editor in 23.49 ms, found 3 plugins.
Preloading 0 native plugins for Editor in 0.00 ms.
Unloading 0 Unused Serialized files (Serialized files now loaded: 0)
Unloading 5051 unused Assets / (1.5 MB). Loaded Objects now: 5549.
Memory consumption went from 97.4 MB to 95.9 MB.
Total: 25.315700 ms (FindLiveObjects: 0.718700 ms CreateObjectMapping: 0.760500 ms MarkObjects: 20.828900 ms  DeleteObjects: 3.005200 ms)

Prepare: number of updated asset objects reloaded= 0
========================================================================
Received Import Request.
  Time since last request: 60.115921 seconds.
  path: Assets/Animations/AnimPlayer.controller
  artifactKey: Guid(5d79c4714213fff4295efe4835d701bf) Importer(815301076,1909f56bfc062723c751e8b465ee728b)
Start importing Assets/Animations/AnimPlayer.controller using Guid(5d79c4714213fff4295efe4835d701bf) Importer(815301076,1909f56bfc062723c751e8b465ee728b) (PreviewImporter) -> (artifact id: '7ef821315491a8c1de8ad101a4c81de5') in 0.0286656 seconds
Number of updated asset objects reloaded before import = 0Number of asset objects unloaded after import = 17

========================================================================
Received Import Request.
  Time since last request: 19.745174 seconds.
  path: Assets/Animations/AnimPlayer.controller
  artifactKey: Guid(5d79c4714213fff4295efe4835d701bf) Importer(815301076,1909f56bfc062723c751e8b465ee728b)
Start importing Assets/Animations/AnimPlayer.controller using Guid(5d79c4714213fff4295efe4835d701bf) Importer(815301076,1909f56bfc062723c751e8b465ee728b) (PreviewImporter) -> (artifact id: 'fb8e18a0b7dcc572c19d01e46c34f223') in 0.0051437 seconds
Number of updated asset objects reloaded before import = 0Number of asset objects unloaded after import = 15

========================================================================
Received Prepare
Refreshing native plugins compatible for Editor in 7.93 ms, found 3 plugins.
Preloading 0 native plugins for Editor in 0.00 ms.
Unloading 0 Unused Serialized files (Serialized files now loaded: 0)
Unloading 5014 unused Assets / (1.2 MB). Loaded Objects now: 5548.
Memory consumption went from 97.5 MB to 96.3 MB.
Total: 13.649500 ms (FindLiveObjects: 0.450100 ms CreateObjectMapping: 0.317500 ms MarkObjects: 11.556200 ms  DeleteObjects: 1.323000 ms)

Prepare: number of updated asset objects reloaded= 0
========================================================================
Received Prepare
Begin MonoManager ReloadAssembly
[Licensing::Client] Successfully resolved entitlement details
Symbol file LoadedFromMemory is not a mono symbol file
- Loaded All Assemblies, in  0.980 seconds
Refreshing native plugins compatible for Editor in 7.25 ms, found 3 plugins.
Native extension for WindowsStandalone target not found
[Package Manager] Failed to launch server process. Reason: Unity was launched with the -noUpm command-line argument
[Package Manager] Unable to send message (not connected to server process).
[Package Manager] Cannot connect to Unity Package Manager local server
Mono: successfully reloaded assembly
- Finished resetting the current domain, in  1.260 seconds
Domain Reload Profiling: 2241ms
	BeginReloadAssembly (311ms)
		ExecutionOrderSort (0ms)
		DisableScriptedObjects (11ms)
		BackupInstance (0ms)
		ReleaseScriptingObjects (0ms)
		CreateAndSetChildDomain (77ms)
	RebuildCommonClasses (42ms)
	RebuildNativeTypeToScriptingClass (14ms)
	initialDomainReloadingComplete (32ms)
	LoadAllAssembliesAndSetupDomain (580ms)
		LoadAssemblies (490ms)
		RebuildTransferFunctionScriptingTraits (0ms)
		AnalyzeDomain (234ms)
			TypeCache.Refresh (13ms)
				TypeCache.ScanAssembly (1ms)
			BuildScriptInfoCaches (212ms)
			ResolveRequiredComponents (6ms)
	FinalizeReload (1261ms)
		ReleaseScriptCaches (0ms)
		RebuildScriptCaches (0ms)
		SetupLoadedEditorAssemblies (1090ms)
			LogAssemblyErrors (0ms)
			InitializePlatformSupportModulesInManaged (3ms)
			SetLoadedEditorAssemblies (7ms)
			BeforeProcessingInitializeOnLoad (205ms)
			ProcessInitializeOnLoadAttributes (601ms)
			ProcessInitializeOnLoadMethodAttributes (265ms)
			AfterProcessingInitializeOnLoad (8ms)
			EditorAssembliesLoaded (1ms)
		ExecutionOrderSort2 (0ms)
		AwakeInstancesAfterBackupRestoration (12ms)
Refreshing native plugins compatible for Editor in 8.78 ms, found 3 plugins.
Preloading 0 native plugins for Editor in 0.00 ms.
Unloading 0 Unused Serialized files (Serialized files now loaded: 0)
Unloading 5050 unused Assets / (1.4 MB). Loaded Objects now: 5548.
Memory consumption went from 97.4 MB to 96.1 MB.
Total: 13.753300 ms (FindLiveObjects: 0.893600 ms CreateObjectMapping: 0.858700 ms MarkObjects: 10.580300 ms  DeleteObjects: 1.418500 ms)

Prepare: number of updated asset objects reloaded= 0
========================================================================
Received Import Request.
  Time since last request: 75.959597 seconds.
  path: Assets/Scripts/S_Inventaire.cs
  artifactKey: Guid(8ea06728d4d1cbe4bb3da297701f6a7b) Importer(815301076,1909f56bfc062723c751e8b465ee728b)
Start importing Assets/Scripts/S_Inventaire.cs using Guid(8ea06728d4d1cbe4bb3da297701f6a7b) Importer(815301076,1909f56bfc062723c751e8b465ee728b) (PreviewImporter) -> (artifact id: '2d364bdfb2a63c6c898045c516aa5325') in 0.0057852 seconds
Number of updated asset objects reloaded before import = 0Number of asset objects unloaded after import = 0

========================================================================
Received Prepare
Refreshing native plugins compatible for Editor in 8.21 ms, found 3 plugins.
Preloading 0 native plugins for Editor in 0.00 ms.
Unloading 0 Unused Serialized files (Serialized files now loaded: 0)
Unloading 5013 unused Assets / (1.0 MB). Loaded Objects now: 5547.
Memory consumption went from 97.4 MB to 96.5 MB.
Total: 11.025100 ms (FindLiveObjects: 0.418300 ms CreateObjectMapping: 0.267900 ms MarkObjects: 9.190200 ms  DeleteObjects: 1.147100 ms)

Prepare: number of updated asset objects reloaded= 0
========================================================================
Received Prepare
Begin MonoManager ReloadAssembly
Symbol file LoadedFromMemory is not a mono symbol file
- Loaded All Assemblies, in  0.984 seconds
Refreshing native plugins compatible for Editor in 18.63 ms, found 3 plugins.
Native extension for WindowsStandalone target not found
[Package Manager] Failed to launch server process. Reason: Unity was launched with the -noUpm command-line argument
[Package Manager] Unable to send message (not connected to server process).
[Package Manager] Cannot connect to Unity Package Manager local server
Mono: successfully reloaded assembly
- Finished resetting the current domain, in  1.318 seconds
Domain Reload Profiling: 2300ms
	BeginReloadAssembly (265ms)
		ExecutionOrderSort (0ms)
		DisableScriptedObjects (8ms)
		BackupInstance (0ms)
		ReleaseScriptingObjects (0ms)
		CreateAndSetChildDomain (67ms)
	RebuildCommonClasses (45ms)
	RebuildNativeTypeToScriptingClass (15ms)
	initialDomainReloadingComplete (34ms)
	LoadAllAssembliesAndSetupDomain (623ms)
		LoadAssemblies (493ms)
		RebuildTransferFunctionScriptingTraits (0ms)
		AnalyzeDomain (260ms)
			TypeCache.Refresh (13ms)
				TypeCache.ScanAssembly (1ms)
			BuildScriptInfoCaches (232ms)
			ResolveRequiredComponents (9ms)
	FinalizeReload (1318ms)
		ReleaseScriptCaches (0ms)
		RebuildScriptCaches (0ms)
		SetupLoadedEditorAssemblies (1131ms)
			LogAssemblyErrors (0ms)
			InitializePlatformSupportModulesInManaged (2ms)
			SetLoadedEditorAssemblies (5ms)
			BeforeProcessingInitializeOnLoad (219ms)
			ProcessInitializeOnLoadAttributes (614ms)
			ProcessInitializeOnLoadMethodAttributes (285ms)
			AfterProcessingInitializeOnLoad (6ms)
			EditorAssembliesLoaded (0ms)
		ExecutionOrderSort2 (0ms)
		AwakeInstancesAfterBackupRestoration (13ms)
Refreshing native plugins compatible for Editor in 11.35 ms, found 3 plugins.
Preloading 0 native plugins for Editor in 0.00 ms.
Unloading 0 Unused Serialized files (Serialized files now loaded: 0)
Unloading 5049 unused Assets / (1.1 MB). Loaded Objects now: 5547.
Memory consumption went from 97.4 MB to 96.3 MB.
Total: 15.748800 ms (FindLiveObjects: 1.134200 ms CreateObjectMapping: 0.576900 ms MarkObjects: 12.566000 ms  DeleteObjects: 1.469600 ms)

Prepare: number of updated asset objects reloaded= 0
========================================================================
Received Import Request.
  Time since last request: 36.696926 seconds.
  path: Assets/Scenes/Text Perte.controller
  artifactKey: Guid(ae57de0c2c4878c49ba6c243e0210275) Importer(815301076,1909f56bfc062723c751e8b465ee728b)
Start importing Assets/Scenes/Text Perte.controller using Guid(ae57de0c2c4878c49ba6c243e0210275) Importer(815301076,1909f56bfc062723c751e8b465ee728b) (PreviewImporter) -> (artifact id: '2b8b46f585477549890911c287271a4a') in 0.0196858 seconds
Number of updated asset objects reloaded before import = 0Number of asset objects unloaded after import = 4

========================================================================
Received Prepare
Begin MonoManager ReloadAssembly
[Licensing::Client] Successfully resolved entitlement details
Symbol file LoadedFromMemory is not a mono symbol file
- Loaded All Assemblies, in  0.926 seconds
Refreshing native plugins compatible for Editor in 7.83 ms, found 3 plugins.
Native extension for WindowsStandalone target not found
[Package Manager] Failed to launch server process. Reason: Unity was launched with the -noUpm command-line argument
[Package Manager] Unable to send message (not connected to server process).
[Package Manager] Cannot connect to Unity Package Manager local server
Mono: successfully reloaded assembly
- Finished resetting the current domain, in  1.837 seconds
Domain Reload Profiling: 2763ms
	BeginReloadAssembly (286ms)
		ExecutionOrderSort (0ms)
		DisableScriptedObjects (11ms)
		BackupInstance (0ms)
		ReleaseScriptingObjects (0ms)
		CreateAndSetChildDomain (66ms)
	RebuildCommonClasses (51ms)
	RebuildNativeTypeToScriptingClass (21ms)
	initialDomainReloadingComplete (32ms)
	LoadAllAssembliesAndSetupDomain (534ms)
		LoadAssemblies (467ms)
		RebuildTransferFunctionScriptingTraits (0ms)
		AnalyzeDomain (211ms)
			TypeCache.Refresh (10ms)
				TypeCache.ScanAssembly (0ms)
			BuildScriptInfoCaches (191ms)
			ResolveRequiredComponents (6ms)
	FinalizeReload (1838ms)
		ReleaseScriptCaches (0ms)
		RebuildScriptCaches (0ms)
		SetupLoadedEditorAssemblies (1594ms)
			LogAssemblyErrors (0ms)
			InitializePlatformSupportModulesInManaged (2ms)
			SetLoadedEditorAssemblies (6ms)
			BeforeProcessingInitializeOnLoad (249ms)
			ProcessInitializeOnLoadAttributes (908ms)
			ProcessInitializeOnLoadMethodAttributes (412ms)
			AfterProcessingInitializeOnLoad (15ms)
			EditorAssembliesLoaded (1ms)
		ExecutionOrderSort2 (0ms)
		AwakeInstancesAfterBackupRestoration (23ms)
Refreshing native plugins compatible for Editor in 36.34 ms, found 3 plugins.
Preloading 0 native plugins for Editor in 0.00 ms.
Unloading 0 Unused Serialized files (Serialized files now loaded: 0)
Unloading 5049 unused Assets / (0.9 MB). Loaded Objects now: 5547.
Memory consumption went from 97.4 MB to 96.6 MB.
Total: 22.782900 ms (FindLiveObjects: 0.559000 ms CreateObjectMapping: 0.366200 ms MarkObjects: 19.167600 ms  DeleteObjects: 2.687200 ms)

Prepare: number of updated asset objects reloaded= 0
========================================================================
Received Prepare
Begin MonoManager ReloadAssembly
[Licensing::Client] Successfully resolved entitlement details
Symbol file LoadedFromMemory is not a mono symbol file
- Loaded All Assemblies, in  0.886 seconds
Refreshing native plugins compatible for Editor in 7.95 ms, found 3 plugins.
Native extension for WindowsStandalone target not found
[Package Manager] Failed to launch server process. Reason: Unity was launched with the -noUpm command-line argument
[Package Manager] Unable to send message (not connected to server process).
[Package Manager] Cannot connect to Unity Package Manager local server
Mono: successfully reloaded assembly
- Finished resetting the current domain, in  1.047 seconds
Domain Reload Profiling: 1934ms
	BeginReloadAssembly (257ms)
		ExecutionOrderSort (0ms)
		DisableScriptedObjects (14ms)
		BackupInstance (0ms)
		ReleaseScriptingObjects (0ms)
		CreateAndSetChildDomain (52ms)
	RebuildCommonClasses (48ms)
	RebuildNativeTypeToScriptingClass (21ms)
	initialDomainReloadingComplete (30ms)
	LoadAllAssembliesAndSetupDomain (529ms)
		LoadAssemblies (431ms)
		RebuildTransferFunctionScriptingTraits (0ms)
		AnalyzeDomain (228ms)
			TypeCache.Refresh (11ms)
				TypeCache.ScanAssembly (1ms)
			BuildScriptInfoCaches (204ms)
			ResolveRequiredComponents (7ms)
	FinalizeReload (1048ms)
		ReleaseScriptCaches (0ms)
		RebuildScriptCaches (0ms)
		SetupLoadedEditorAssemblies (891ms)
			LogAssemblyErrors (0ms)
			InitializePlatformSupportModulesInManaged (2ms)
			SetLoadedEditorAssemblies (4ms)
			BeforeProcessingInitializeOnLoad (135ms)
			ProcessInitializeOnLoadAttributes (461ms)
			ProcessInitializeOnLoadMethodAttributes (281ms)
			AfterProcessingInitializeOnLoad (8ms)
			EditorAssembliesLoaded (1ms)
		ExecutionOrderSort2 (0ms)
		AwakeInstancesAfterBackupRestoration (12ms)
Refreshing native plugins compatible for Editor in 9.53 ms, found 3 plugins.
Preloading 0 native plugins for Editor in 0.00 ms.
Unloading 0 Unused Serialized files (Serialized files now loaded: 0)
Unloading 5049 unused Assets / (1.0 MB). Loaded Objects now: 5547.
Memory consumption went from 97.5 MB to 96.4 MB.
Total: 15.425700 ms (FindLiveObjects: 0.700100 ms CreateObjectMapping: 0.302200 ms MarkObjects: 12.842100 ms  DeleteObjects: 1.579100 ms)

Prepare: number of updated asset objects reloaded= 0
========================================================================
Received Import Request.
  Time since last request: 296.951737 seconds.
  path: Assets/Scripts/S_Patrouille.cs
  artifactKey: Guid(428e5f83b9815f54da2ecd53c97bf339) Importer(2089858483,192608db42251d675da83286b1cce702)
Start importing Assets/Scripts/S_Patrouille.cs using Guid(428e5f83b9815f54da2ecd53c97bf339) Importer(2089858483,192608db42251d675da83286b1cce702) (ScriptedImporter) -> (artifact id: 'cdc75cb5b428eb980a1492951a09e5aa') in 0.126975 seconds
Number of updated asset objects reloaded before import = 0Number of asset objects unloaded after import = 0

========================================================================
Received Import Request.
  Time since last request: 0.000031 seconds.
  path: Assets/Scripts/S_Generateur.cs
  artifactKey: Guid(fe0ed4d45730530479fe5b498cc2af43) Importer(2089858483,192608db42251d675da83286b1cce702)
Start importing Assets/Scripts/S_Generateur.cs using Guid(fe0ed4d45730530479fe5b498cc2af43) Importer(2089858483,192608db42251d675da83286b1cce702) (ScriptedImporter) -> (artifact id: 'bf7a4c511e2754c4294fcddeec4e8dbd') in 0.0315068 seconds
Number of updated asset objects reloaded before import = 0Number of asset objects unloaded after import = 0

========================================================================
Received Import Request.
  Time since last request: 0.000138 seconds.
  path: Assets/Scripts/S_Joueur.cs
  artifactKey: Guid(2fac35cd543369c4c9a6f74f04bd6138) Importer(2089858483,192608db42251d675da83286b1cce702)
Start importing Assets/Scripts/S_Joueur.cs using Guid(2fac35cd543369c4c9a6f74f04bd6138) Importer(2089858483,192608db42251d675da83286b1cce702) (ScriptedImporter) -> (artifact id: '7d4f73521c09ca48348fe75b2e3f57c8') in 0.0257916 seconds
Number of updated asset objects reloaded before import = 0Number of asset objects unloaded after import = 0

========================================================================
Received Import Request.
  Time since last request: 0.000137 seconds.
  path: Assets/Animations/animationtexte.anim
  artifactKey: Guid(22f50a0b92bb5974681f7968e0ec230f) Importer(2089858483,192608db42251d675da83286b1cce702)
Start importing Assets/Animations/animationtexte.anim using Guid(22f50a0b92bb5974681f7968e0ec230f) Importer(2089858483,192608db42251d675da83286b1cce702) (ScriptedImporter) -> (artifact id: '02fcd8a31dd8fc4276cb656297f5a5d8') in 0.0746895 seconds
Number of updated asset objects reloaded before import = 0Number of asset objects unloaded after import = 1

========================================================================
Received Import Request.
  Time since last request: 0.000061 seconds.
  path: Assets/Animations/Text Perte.controller
  artifactKey: Guid(ae57de0c2c4878c49ba6c243e0210275) Importer(2089858483,192608db42251d675da83286b1cce702)
Start importing Assets/Animations/Text Perte.controller using Guid(ae57de0c2c4878c49ba6c243e0210275) Importer(2089858483,192608db42251d675da83286b1cce702) (ScriptedImporter) -> (artifact id: 'a1b22a573f246690d140cc7246afcbbf') in 0.0227333 seconds
Number of updated asset objects reloaded before import = 0Number of asset objects unloaded after import = 4

